17:03:39,664   INFO STDOUTERR:15 - Redirect StdOut and StdErr
17:03:39,665   INFO VadereApplication:29 - starting Vadere GUI...
17:03:39,681   INFO VadereConfig:66 - Use config file from path C:\Users\limen\.config\vadere.conf
17:03:39,779 STDOUT STDOUTERR:22 - build tree model cache ...
17:03:39,788 STDERR STDOUTERR:32 - SLF4J: Failed to load class "org.slf4j.impl.StaticLoggerBinder".
17:03:39,788 STDERR STDOUTERR:32 - SLF4J: Defaulting to no-operation (NOP) logger implementation
17:03:39,788 STDERR STDOUTERR:32 - SLF4J: See http://www.slf4j.org/codes.html#StaticLoggerBinder for further details.
17:03:42,646   INFO IOVadere:72 - read project: C:\Users\limen\Desktop\mlicms24ex2-groupf\task4\vadere.project
17:03:42,655   INFO IOVadere:82 - analyzed scenario files.
17:03:42,731   INFO IOVadere:103 - analyzed: 1, migrated: 0, upToDate: 1, notMigratable: 0
17:03:42,732   INFO IOVadere:108 - project loaded: task4
17:03:42,734   INFO ActionLoadProject:113 - refreshed output table - 2
17:03:42,744   INFO ProjectView:577 - selected scenario ' 1000 pedestrians'
17:03:42,885   INFO DataProcessingView:97 - switch to gui view
17:03:45,053   INFO ProjectView:583 - repainted output table
17:03:45,053   INFO ActionLoadProject:117 - selected the first scenario
17:03:45,060   INFO ActionLoadProject:124 - project 'task4' loaded.
17:03:59,853   INFO IOVadere:72 - read project: C:\Users\limen\Desktop\Exercises-MLCMS-Group-C-main\Exercise-2\vadere-project-task45\vadere.project
17:03:59,861   INFO IOVadere:82 - analyzed scenario files.
17:03:59,866  ERROR IOVadere:96 - could not read C:\Users\limen\Desktop\Exercises-MLCMS-Group-C-main\Exercise-2\vadere-project-task45\scenarios\scenario001.scenario
17:04:02,281  ERROR ActionLoadProject:155 - could not loadFromFilesystem project: java.lang.ClassNotFoundException: org.vadere.state.attributes.models.AttributesSIRG
17:04:02,282 STDERR STDOUTERR:32 - org.vadere.util.reflection.VadereClassNotFoundException: java.lang.ClassNotFoundException: org.vadere.state.attributes.models.AttributesSIRG
17:04:02,282 STDERR STDOUTERR:32 - 	at org.vadere.util.reflection.DynamicClassInstantiator.getClassFromName(DynamicClassInstantiator.java:41)
17:04:02,282 STDERR STDOUTERR:32 - 	at org.vadere.state.util.StateJsonConverter.deserializeAttributesListFromNode(StateJsonConverter.java:159)
17:04:02,282 STDERR STDOUTERR:32 - 	at org.vadere.simulator.projects.io.JsonConverter.deserializeScenarioRunManagerFromNode(JsonConverter.java:57)
17:04:02,282 STDERR STDOUTERR:32 - 	at org.vadere.simulator.projects.io.JsonConverter.deserializeScenarioRunManager(JsonConverter.java:23)
17:04:02,282 STDERR STDOUTERR:32 - 	at org.vadere.simulator.projects.io.IOVadere.readProject(IOVadere.java:87)
17:04:02,282 STDERR STDOUTERR:32 - 	at org.vadere.simulator.projects.io.IOVadere.readProjectJson(IOVadere.java:62)
17:04:02,283 STDERR STDOUTERR:32 - 	at org.vadere.gui.projectview.control.ActionLoadProject.loadProjectByPath(ActionLoadProject.java:109)
17:04:02,283 STDERR STDOUTERR:32 - 	at org.vadere.gui.projectview.control.ActionLoadProject.loadProjectByPath(ActionLoadProject.java:104)
17:04:02,283 STDERR STDOUTERR:32 - 	at org.vadere.gui.projectview.control.ActionLoadProject.loadProject(ActionLoadProject.java:78)
17:04:02,283 STDERR STDOUTERR:32 - 	at org.vadere.gui.projectview.control.ActionLoadProject.actionPerformed(ActionLoadProject.java:39)
17:04:02,283 STDERR STDOUTERR:32 - 	at java.desktop/javax.swing.AbstractButton.fireActionPerformed(AbstractButton.java:1972)
17:04:02,283 STDERR STDOUTERR:32 - 	at java.desktop/javax.swing.AbstractButton$Handler.actionPerformed(AbstractButton.java:2313)
17:04:02,283 STDERR STDOUTERR:32 - 	at java.desktop/javax.swing.DefaultButtonModel.fireActionPerformed(DefaultButtonModel.java:405)
17:04:02,283 STDERR STDOUTERR:32 - 	at java.desktop/javax.swing.DefaultButtonModel.setPressed(DefaultButtonModel.java:262)
17:04:02,283 STDERR STDOUTERR:32 - 	at java.desktop/javax.swing.AbstractButton.doClick(AbstractButton.java:374)
17:04:02,283 STDERR STDOUTERR:32 - 	at java.desktop/javax.swing.plaf.basic.BasicMenuItemUI.doClick(BasicMenuItemUI.java:1028)
17:04:02,283 STDERR STDOUTERR:32 - 	at java.desktop/javax.swing.plaf.basic.BasicMenuItemUI$Handler.mouseReleased(BasicMenuItemUI.java:1072)
17:04:02,284 STDERR STDOUTERR:32 - 	at java.desktop/java.awt.Component.processMouseEvent(Component.java:6626)
17:04:02,284 STDERR STDOUTERR:32 - 	at java.desktop/javax.swing.JComponent.processMouseEvent(JComponent.java:3389)
17:04:02,284 STDERR STDOUTERR:32 - 	at java.desktop/java.awt.Component.processEvent(Component.java:6391)
17:04:02,284 STDERR STDOUTERR:32 - 	at java.desktop/java.awt.Container.processEvent(Container.java:2266)
17:04:02,284 STDERR STDOUTERR:32 - 	at java.desktop/java.awt.Component.dispatchEventImpl(Component.java:5001)
17:04:02,284 STDERR STDOUTERR:32 - 	at java.desktop/java.awt.Container.dispatchEventImpl(Container.java:2324)
17:04:02,284 STDERR STDOUTERR:32 - 	at java.desktop/java.awt.Component.dispatchEvent(Component.java:4833)
17:04:02,284 STDERR STDOUTERR:32 - 	at java.desktop/java.awt.LightweightDispatcher.retargetMouseEvent(Container.java:4948)
17:04:02,284 STDERR STDOUTERR:32 - 	at java.desktop/java.awt.LightweightDispatcher.processMouseEvent(Container.java:4575)
17:04:02,284 STDERR STDOUTERR:32 - 	at java.desktop/java.awt.LightweightDispatcher.dispatchEvent(Container.java:4516)
17:04:02,284 STDERR STDOUTERR:32 - 	at java.desktop/java.awt.Container.dispatchEventImpl(Container.java:2310)
17:04:02,284 STDERR STDOUTERR:32 - 	at java.desktop/java.awt.Window.dispatchEventImpl(Window.java:2780)
17:04:02,284 STDERR STDOUTERR:32 - 	at java.desktop/java.awt.Component.dispatchEvent(Component.java:4833)
17:04:02,285 STDERR STDOUTERR:32 - 	at java.desktop/java.awt.EventQueue.dispatchEventImpl(EventQueue.java:775)
17:04:02,285 STDERR STDOUTERR:32 - 	at java.desktop/java.awt.EventQueue$4.run(EventQueue.java:720)
17:04:02,285 STDERR STDOUTERR:32 - 	at java.desktop/java.awt.EventQueue$4.run(EventQueue.java:714)
17:04:02,285 STDERR STDOUTERR:32 - 	at java.base/java.security.AccessController.doPrivileged(AccessController.java:399)
17:04:02,285 STDERR STDOUTERR:32 - 	at java.base/java.security.ProtectionDomain$JavaSecurityAccessImpl.doIntersectionPrivilege(ProtectionDomain.java:86)
17:04:02,285 STDERR STDOUTERR:32 - 	at java.base/java.security.ProtectionDomain$JavaSecurityAccessImpl.doIntersectionPrivilege(ProtectionDomain.java:97)
17:04:02,285 STDERR STDOUTERR:32 - 	at java.desktop/java.awt.EventQueue$5.run(EventQueue.java:747)
17:04:02,285 STDERR STDOUTERR:32 - 	at java.desktop/java.awt.EventQueue$5.run(EventQueue.java:745)
17:04:02,285 STDERR STDOUTERR:32 - 	at java.base/java.security.AccessController.doPrivileged(AccessController.java:399)
17:04:02,285 STDERR STDOUTERR:32 - 	at java.base/java.security.ProtectionDomain$JavaSecurityAccessImpl.doIntersectionPrivilege(ProtectionDomain.java:86)
17:04:02,285 STDERR STDOUTERR:32 - 	at java.desktop/java.awt.EventQueue.dispatchEvent(EventQueue.java:744)
17:04:02,285 STDERR STDOUTERR:32 - 	at java.desktop/java.awt.EventDispatchThread.pumpOneEventForFilters(EventDispatchThread.java:203)
17:04:02,285 STDERR STDOUTERR:32 - 	at java.desktop/java.awt.EventDispatchThread.pumpEventsForFilter(EventDispatchThread.java:124)
17:04:02,285 STDERR STDOUTERR:32 - 	at java.desktop/java.awt.EventDispatchThread.pumpEventsForHierarchy(EventDispatchThread.java:113)
17:04:02,285 STDERR STDOUTERR:32 - 	at java.desktop/java.awt.EventDispatchThread.pumpEvents(EventDispatchThread.java:109)
17:04:02,285 STDERR STDOUTERR:32 - 	at java.desktop/java.awt.EventDispatchThread.pumpEvents(EventDispatchThread.java:101)
17:04:02,286 STDERR STDOUTERR:32 - 	at java.desktop/java.awt.EventDispatchThread.run(EventDispatchThread.java:90)
17:04:02,286 STDERR STDOUTERR:32 - Caused by: java.lang.ClassNotFoundException: org.vadere.state.attributes.models.AttributesSIRG
17:04:02,286 STDERR STDOUTERR:32 - 	at java.base/jdk.internal.loader.BuiltinClassLoader.loadClass(BuiltinClassLoader.java:641)
17:04:02,286 STDERR STDOUTERR:32 - 	at java.base/jdk.internal.loader.ClassLoaders$AppClassLoader.loadClass(ClassLoaders.java:188)
17:04:02,286 STDERR STDOUTERR:32 - 	at java.base/java.lang.ClassLoader.loadClass(ClassLoader.java:525)
17:04:02,286 STDERR STDOUTERR:32 - 	at java.base/java.lang.Class.forName0(Native Method)
17:04:02,286 STDERR STDOUTERR:32 - 	at java.base/java.lang.Class.forName(Class.java:375)
17:04:02,286 STDERR STDOUTERR:32 - 	at org.vadere.util.reflection.DynamicClassInstantiator.getClassFromName(DynamicClassInstantiator.java:39)
17:04:02,286 STDERR STDOUTERR:32 - 	... 46 more
17:06:31,751   INFO IOVadere:72 - read project: C:\Users\limen\Desktop\Exercises-MLCMS-Group-C-main\Exercise-2\vadere-project-task45\vadere.project
17:06:31,756   INFO IOVadere:82 - analyzed scenario files.
17:06:31,757  ERROR IOVadere:96 - could not read C:\Users\limen\Desktop\Exercises-MLCMS-Group-C-main\Exercise-2\vadere-project-task45\scenarios\scenario001.scenario
17:06:34,717  ERROR ActionLoadProject:155 - could not loadFromFilesystem project: java.lang.ClassNotFoundException: org.vadere.state.attributes.models.AttributesSIRG
17:06:34,718 STDERR STDOUTERR:32 - org.vadere.util.reflection.VadereClassNotFoundException: java.lang.ClassNotFoundException: org.vadere.state.attributes.models.AttributesSIRG
17:06:34,718 STDERR STDOUTERR:32 - 	at org.vadere.util.reflection.DynamicClassInstantiator.getClassFromName(DynamicClassInstantiator.java:41)
17:06:34,718 STDERR STDOUTERR:32 - 	at org.vadere.state.util.StateJsonConverter.deserializeAttributesListFromNode(StateJsonConverter.java:159)
17:06:34,718 STDERR STDOUTERR:32 - 	at org.vadere.simulator.projects.io.JsonConverter.deserializeScenarioRunManagerFromNode(JsonConverter.java:57)
17:06:34,718 STDERR STDOUTERR:32 - 	at org.vadere.simulator.projects.io.JsonConverter.deserializeScenarioRunManager(JsonConverter.java:23)
17:06:34,718 STDERR STDOUTERR:32 - 	at org.vadere.simulator.projects.io.IOVadere.readProject(IOVadere.java:87)
17:06:34,718 STDERR STDOUTERR:32 - 	at org.vadere.simulator.projects.io.IOVadere.readProjectJson(IOVadere.java:62)
17:06:34,718 STDERR STDOUTERR:32 - 	at org.vadere.gui.projectview.control.ActionLoadProject.loadProjectByPath(ActionLoadProject.java:109)
17:06:34,718 STDERR STDOUTERR:32 - 	at org.vadere.gui.projectview.control.ActionLoadProject.loadProjectByPath(ActionLoadProject.java:104)
17:06:34,718 STDERR STDOUTERR:32 - 	at org.vadere.gui.projectview.control.ActionLoadProject.loadProject(ActionLoadProject.java:78)
17:06:34,719 STDERR STDOUTERR:32 - 	at org.vadere.gui.projectview.control.ActionLoadProject.actionPerformed(ActionLoadProject.java:39)
17:06:34,719 STDERR STDOUTERR:32 - 	at java.desktop/javax.swing.AbstractButton.fireActionPerformed(AbstractButton.java:1972)
17:06:34,719 STDERR STDOUTERR:32 - 	at java.desktop/javax.swing.AbstractButton$Handler.actionPerformed(AbstractButton.java:2313)
17:06:34,719 STDERR STDOUTERR:32 - 	at java.desktop/javax.swing.DefaultButtonModel.fireActionPerformed(DefaultButtonModel.java:405)
17:06:34,719 STDERR STDOUTERR:32 - 	at java.desktop/javax.swing.DefaultButtonModel.setPressed(DefaultButtonModel.java:262)
17:06:34,719 STDERR STDOUTERR:32 - 	at java.desktop/javax.swing.AbstractButton.doClick(AbstractButton.java:374)
17:06:34,719 STDERR STDOUTERR:32 - 	at java.desktop/javax.swing.plaf.basic.BasicMenuItemUI.doClick(BasicMenuItemUI.java:1028)
17:06:34,719 STDERR STDOUTERR:32 - 	at java.desktop/javax.swing.plaf.basic.BasicMenuItemUI$Handler.mouseReleased(BasicMenuItemUI.java:1072)
17:06:34,720 STDERR STDOUTERR:32 - 	at java.desktop/java.awt.Component.processMouseEvent(Component.java:6626)
17:06:34,720 STDERR STDOUTERR:32 - 	at java.desktop/javax.swing.JComponent.processMouseEvent(JComponent.java:3389)
17:06:34,720 STDERR STDOUTERR:32 - 	at java.desktop/java.awt.Component.processEvent(Component.java:6391)
17:06:34,720 STDERR STDOUTERR:32 - 	at java.desktop/java.awt.Container.processEvent(Container.java:2266)
17:06:34,720 STDERR STDOUTERR:32 - 	at java.desktop/java.awt.Component.dispatchEventImpl(Component.java:5001)
17:06:34,720 STDERR STDOUTERR:32 - 	at java.desktop/java.awt.Container.dispatchEventImpl(Container.java:2324)
17:06:34,720 STDERR STDOUTERR:32 - 	at java.desktop/java.awt.Component.dispatchEvent(Component.java:4833)
17:06:34,720 STDERR STDOUTERR:32 - 	at java.desktop/java.awt.LightweightDispatcher.retargetMouseEvent(Container.java:4948)
17:06:34,721 STDERR STDOUTERR:32 - 	at java.desktop/java.awt.LightweightDispatcher.processMouseEvent(Container.java:4575)
17:06:34,721 STDERR STDOUTERR:32 - 	at java.desktop/java.awt.LightweightDispatcher.dispatchEvent(Container.java:4516)
17:06:34,721 STDERR STDOUTERR:32 - 	at java.desktop/java.awt.Container.dispatchEventImpl(Container.java:2310)
17:06:34,721 STDERR STDOUTERR:32 - 	at java.desktop/java.awt.Window.dispatchEventImpl(Window.java:2780)
17:06:34,721 STDERR STDOUTERR:32 - 	at java.desktop/java.awt.Component.dispatchEvent(Component.java:4833)
17:06:34,721 STDERR STDOUTERR:32 - 	at java.desktop/java.awt.EventQueue.dispatchEventImpl(EventQueue.java:775)
17:06:34,721 STDERR STDOUTERR:32 - 	at java.desktop/java.awt.EventQueue$4.run(EventQueue.java:720)
17:06:34,721 STDERR STDOUTERR:32 - 	at java.desktop/java.awt.EventQueue$4.run(EventQueue.java:714)
17:06:34,721 STDERR STDOUTERR:32 - 	at java.base/java.security.AccessController.doPrivileged(AccessController.java:399)
17:06:34,721 STDERR STDOUTERR:32 - 	at java.base/java.security.ProtectionDomain$JavaSecurityAccessImpl.doIntersectionPrivilege(ProtectionDomain.java:86)
17:06:34,721 STDERR STDOUTERR:32 - 	at java.base/java.security.ProtectionDomain$JavaSecurityAccessImpl.doIntersectionPrivilege(ProtectionDomain.java:97)
17:06:34,721 STDERR STDOUTERR:32 - 	at java.desktop/java.awt.EventQueue$5.run(EventQueue.java:747)
17:06:34,721 STDERR STDOUTERR:32 - 	at java.desktop/java.awt.EventQueue$5.run(EventQueue.java:745)
17:06:34,722 STDERR STDOUTERR:32 - 	at java.base/java.security.AccessController.doPrivileged(AccessController.java:399)
17:06:34,722 STDERR STDOUTERR:32 - 	at java.base/java.security.ProtectionDomain$JavaSecurityAccessImpl.doIntersectionPrivilege(ProtectionDomain.java:86)
17:06:34,722 STDERR STDOUTERR:32 - 	at java.desktop/java.awt.EventQueue.dispatchEvent(EventQueue.java:744)
17:06:34,722 STDERR STDOUTERR:32 - 	at java.desktop/java.awt.EventDispatchThread.pumpOneEventForFilters(EventDispatchThread.java:203)
17:06:34,722 STDERR STDOUTERR:32 - 	at java.desktop/java.awt.EventDispatchThread.pumpEventsForFilter(EventDispatchThread.java:124)
17:06:34,722 STDERR STDOUTERR:32 - 	at java.desktop/java.awt.EventDispatchThread.pumpEventsForHierarchy(EventDispatchThread.java:113)
17:06:34,722 STDERR STDOUTERR:32 - 	at java.desktop/java.awt.EventDispatchThread.pumpEvents(EventDispatchThread.java:109)
17:06:34,722 STDERR STDOUTERR:32 - 	at java.desktop/java.awt.EventDispatchThread.pumpEvents(EventDispatchThread.java:101)
17:06:34,722 STDERR STDOUTERR:32 - 	at java.desktop/java.awt.EventDispatchThread.run(EventDispatchThread.java:90)
17:06:34,722 STDERR STDOUTERR:32 - Caused by: java.lang.ClassNotFoundException: org.vadere.state.attributes.models.AttributesSIRG
17:06:34,723 STDERR STDOUTERR:32 - 	at java.base/jdk.internal.loader.BuiltinClassLoader.loadClass(BuiltinClassLoader.java:641)
17:06:34,723 STDERR STDOUTERR:32 - 	at java.base/jdk.internal.loader.ClassLoaders$AppClassLoader.loadClass(ClassLoaders.java:188)
17:06:34,723 STDERR STDOUTERR:32 - 	at java.base/java.lang.ClassLoader.loadClass(ClassLoader.java:525)
17:06:34,723 STDERR STDOUTERR:32 - 	at java.base/java.lang.Class.forName0(Native Method)
17:06:34,723 STDERR STDOUTERR:32 - 	at java.base/java.lang.Class.forName(Class.java:375)
17:06:34,723 STDERR STDOUTERR:32 - 	at org.vadere.util.reflection.DynamicClassInstantiator.getClassFromName(DynamicClassInstantiator.java:39)
17:06:34,723 STDERR STDOUTERR:32 - 	... 46 more
17:06:35,853   INFO ActionCloseApplication:28 - closing application...
