14:49:25,919   INFO STDOUTERR:15 - Redirect StdOut and StdErr
14:49:25,921   INFO ScenarioRunSubCommand:55 - Use output directory: C:\Users\limen\Desktop\mlicms24ex2-groupf\task3
14:49:26,019   INFO JsonMigrationAssistant:83 - >> analyzing JSON tree of scenario <scenario_6>
14:49:26,019   INFO JsonMigrationAssistant:103 - Nothing to do current version and target version match
14:49:26,285   INFO VadereConfig:66 - Use config file from path C:\Users\limen\.config\vadere.conf
14:49:26,373   INFO ScenarioCache:85 - Cache search location: C:\Users\limen\Desktop\mlicms24ex2-groupf\task1_2\scenarios\__cache__
14:49:26,379   INFO ScenarioRun:147 - Initializing scenario: scenario_6...
14:49:26,383   INFO ScenarioRun:128 - scenario context initialized.
14:49:26,384   INFO ScenarioRun:229 - no mesh scenario_6.poly was found.
14:49:26,385   INFO ScenarioRun:229 - no mesh scenario_6_background.poly was found.
14:49:26,413 STDERR STDOUTERR:32 - SLF4J: Failed to load class "org.slf4j.impl.StaticLoggerBinder".
14:49:26,413 STDERR STDOUTERR:32 - SLF4J: Defaulting to no-operation (NOP) logger implementation
14:49:26,413 STDERR STDOUTERR:32 - SLF4J: See http://www.slf4j.org/codes.html#StaticLoggerBinder for further details.
14:49:26,517   INFO PotentialFieldDistancesBruteForce:49 - solve floor field (PotentialFieldDistancesBruteForce)
14:49:26,521   INFO PotentialFieldDistancesBruteForce:106 - Progress:  0% -> 0/17161 [points]
14:49:26,541   INFO PotentialFieldDistancesBruteForce:106 - Progress: 10% -> 1717/17161 [points]
14:49:26,549   INFO PotentialFieldDistancesBruteForce:106 - Progress: 20% -> 3433/17161 [points]
14:49:26,557   INFO PotentialFieldDistancesBruteForce:106 - Progress: 30% -> 5149/17161 [points]
14:49:26,565   INFO PotentialFieldDistancesBruteForce:106 - Progress: 40% -> 6865/17161 [points]
14:49:26,574   INFO PotentialFieldDistancesBruteForce:106 - Progress: 50% -> 8581/17161 [points]
14:49:26,581   INFO PotentialFieldDistancesBruteForce:106 - Progress: 60% -> 10297/17161 [points]
14:49:26,585   INFO PotentialFieldDistancesBruteForce:106 - Progress: 70% -> 12013/17161 [points]
14:49:26,588   INFO PotentialFieldDistancesBruteForce:106 - Progress: 80% -> 13729/17161 [points]
14:49:26,593   INFO PotentialFieldDistancesBruteForce:106 - Progress: 90% -> 15445/17161 [points]
14:49:26,599   INFO PotentialFieldDistancesBruteForce:96 - floor field initialization time:79[ms]
14:49:26,602   INFO Topography:414 - Set PedestrianIdCount to start value: 7
14:49:26,635   INFO EikonalSolverDefaultProvider:23 - floor field initialization time:19[ms]
14:49:26,637   INFO Simulation:277 - preLoop finished.
14:49:55,472   INFO OutputFile:109 - Absolute file nameC:\Users\limen\Desktop\mlicms24ex2-groupf\task3\scenario_6_2024-05-12_14-49-26.379\postvis.traj
14:49:55,494   INFO OutputFile:109 - Absolute file nameC:\Users\limen\Desktop\mlicms24ex2-groupf\task3\scenario_6_2024-05-12_14-49-26.379\overlaps.csv
14:49:55,496   INFO OutputFile:109 - Absolute file nameC:\Users\limen\Desktop\mlicms24ex2-groupf\task3\scenario_6_2024-05-12_14-49-26.379\overlapCount.txt
14:49:55,497   INFO Simulation:251 - Finished writing all output files
14:49:55,497   INFO Simulation:254 - Post-loop: before waitForTraci
14:49:55,497   INFO Simulation:261 - Post-loop: finished.
14:49:55,497   INFO ScenarioRun:207 - Simulation run finished.
14:49:55,498   INFO ScenarioRun:265 - Simulation of scenario scenario_6 finished.
15:12:21,834   INFO STDOUTERR:15 - Redirect StdOut and StdErr
15:12:21,836   INFO ScenarioRunSubCommand:55 - Use output directory: C:\Users\limen\Desktop\mlicms24ex2-groupf\task3\add_pedestrian
15:12:21,934   INFO JsonMigrationAssistant:83 - >> analyzing JSON tree of scenario <scenario_6 OSM>
15:12:21,934   INFO JsonMigrationAssistant:103 - Nothing to do current version and target version match
15:12:22,203   INFO VadereConfig:66 - Use config file from path C:\Users\limen\.config\vadere.conf
15:12:22,290   INFO ScenarioCache:85 - Cache search location: C:\Users\limen\Desktop\mlicms24ex2-groupf\task3\add_pedestrian\__cache__
15:12:22,297   INFO ScenarioRun:147 - Initializing scenario: scenario_6 OSM...
15:12:22,299   INFO ScenarioRun:128 - scenario context initialized.
15:12:22,301   INFO ScenarioRun:229 - no mesh scenario_6 OSM.poly was found.
15:12:22,301   INFO ScenarioRun:229 - no mesh scenario_6 OSM_background.poly was found.
15:12:22,325 STDERR STDOUTERR:32 - SLF4J: Failed to load class "org.slf4j.impl.StaticLoggerBinder".
15:12:22,326 STDERR STDOUTERR:32 - SLF4J: Defaulting to no-operation (NOP) logger implementation
15:12:22,326 STDERR STDOUTERR:32 - SLF4J: See http://www.slf4j.org/codes.html#StaticLoggerBinder for further details.
15:12:22,434   INFO PotentialFieldDistancesBruteForce:49 - solve floor field (PotentialFieldDistancesBruteForce)
15:12:22,440   INFO PotentialFieldDistancesBruteForce:106 - Progress:  0% -> 0/17161 [points]
15:12:22,459   INFO PotentialFieldDistancesBruteForce:106 - Progress: 10% -> 1717/17161 [points]
15:12:22,468   INFO PotentialFieldDistancesBruteForce:106 - Progress: 20% -> 3433/17161 [points]
15:12:22,480   INFO PotentialFieldDistancesBruteForce:106 - Progress: 30% -> 5149/17161 [points]
15:12:22,485   INFO PotentialFieldDistancesBruteForce:106 - Progress: 40% -> 6865/17161 [points]
15:12:22,493   INFO PotentialFieldDistancesBruteForce:106 - Progress: 50% -> 8581/17161 [points]
15:12:22,498   INFO PotentialFieldDistancesBruteForce:106 - Progress: 60% -> 10297/17161 [points]
15:12:22,503   INFO PotentialFieldDistancesBruteForce:106 - Progress: 70% -> 12013/17161 [points]
15:12:22,507   INFO PotentialFieldDistancesBruteForce:106 - Progress: 80% -> 13729/17161 [points]
15:12:22,512   INFO PotentialFieldDistancesBruteForce:106 - Progress: 90% -> 15445/17161 [points]
15:12:22,518   INFO PotentialFieldDistancesBruteForce:96 - floor field initialization time:82[ms]
15:12:22,523   INFO Topography:414 - Set PedestrianIdCount to start value: 6
15:12:22,560   INFO EikonalSolverDefaultProvider:23 - floor field initialization time:21[ms]
15:12:22,560   INFO Simulation:277 - preLoop finished.
15:12:51,614   INFO OutputFile:109 - Absolute file nameC:\Users\limen\Desktop\mlicms24ex2-groupf\task3\add_pedestrian\scenario_6 OSM_2024-05-12_15-12-22.296\postvis.traj
15:12:51,627   INFO OutputFile:109 - Absolute file nameC:\Users\limen\Desktop\mlicms24ex2-groupf\task3\add_pedestrian\scenario_6 OSM_2024-05-12_15-12-22.296\overlaps.csv
15:12:51,628   INFO OutputFile:109 - Absolute file nameC:\Users\limen\Desktop\mlicms24ex2-groupf\task3\add_pedestrian\scenario_6 OSM_2024-05-12_15-12-22.296\overlapCount.txt
15:12:51,629   INFO Simulation:251 - Finished writing all output files
15:12:51,629   INFO Simulation:254 - Post-loop: before waitForTraci
15:12:51,629   INFO Simulation:261 - Post-loop: finished.
15:12:51,630   INFO ScenarioRun:207 - Simulation run finished.
15:12:51,630   INFO ScenarioRun:265 - Simulation of scenario scenario_6 OSM finished.
